<?xml version="1.0" encoding="UTF-8"?>
<!-- Generated by org.testng.reporters.JUnitXMLReporter -->
<testsuite hostname="DESKTOP-L4CV2AV" ignored="0" name="Test" tests="5" failures="0" timestamp="2021-02-26T23:15:13 CET" time="115.422" errors="0">
  <testcase name="editPrpfileTest" time="22.03" classname="tests.ProfileTest"/>
  <testcase name="changeProfileImageTest" time="18.994" classname="tests.ProfileTest"/>
  <testcase name="addMealToChartTest" time="15.669" classname="tests.MealItemTest"/>
  <testcase name="addMealToFavorite" time="21.113" classname="tests.MealItemTest"/>
  <testcase name="clearCart" time="26.142" classname="tests.MealItemTest"/>
</testsuite> <!-- Test -->
