<?xml version="1.0" encoding="UTF-8"?>
<testng-results skipped="0" failed="0" ignored="0" total="5" passed="5">
  <reporter-output>
  </reporter-output>
  <suite name="Suite" duration-ms="115422" started-at="2021-02-26T23:13:18 CET" finished-at="2021-02-26T23:15:13 CET">
    <groups>
    </groups>
    <test name="Test" duration-ms="115422" started-at="2021-02-26T23:13:18 CET" finished-at="2021-02-26T23:15:13 CET">
      <class name="tests.MealItemTest">
        <test-method status="PASS" signature="setup()[pri:0, instance:tests.MealItemTest@131276c2]" name="setup" is-config="true" duration-ms="2666" started-at="2021-02-26T23:14:06 CET" finished-at="2021-02-26T23:14:09 CET">
          <reporter-output>
          </reporter-output>
        </test-method> <!-- setup -->
        <test-method status="PASS" signature="addMealToChartTest()[pri:15, instance:tests.MealItemTest@131276c2]" name="addMealToChartTest" duration-ms="15669" started-at="2021-02-26T23:14:09 CET" finished-at="2021-02-26T23:14:24 CET">
          <reporter-output>
          </reporter-output>
        </test-method> <!-- addMealToChartTest -->
        <test-method status="PASS" signature="afterTest(org.testng.ITestResult)[pri:0, instance:tests.MealItemTest@131276c2]" name="afterTest" is-config="true" duration-ms="107" started-at="2021-02-26T23:14:24 CET" finished-at="2021-02-26T23:14:24 CET">
          <params>
            <param index="0">
              <value>
                <![CDATA[[TestResult name=addMealToChartTest status=SUCCESS method=MealItemTest.addMealToChartTest()[pri:15, instance:tests.MealItemTest@131276c2] output={null}]]]>
              </value>
            </param>
          </params>
          <reporter-output>
          </reporter-output>
        </test-method> <!-- afterTest -->
        <test-method status="PASS" signature="addMealToFavorite()[pri:20, instance:tests.MealItemTest@131276c2]" name="addMealToFavorite" duration-ms="21113" started-at="2021-02-26T23:14:24 CET" finished-at="2021-02-26T23:14:46 CET">
          <reporter-output>
          </reporter-output>
        </test-method> <!-- addMealToFavorite -->
        <test-method status="PASS" signature="afterTest(org.testng.ITestResult)[pri:0, instance:tests.MealItemTest@131276c2]" name="afterTest" is-config="true" duration-ms="96" started-at="2021-02-26T23:14:46 CET" finished-at="2021-02-26T23:14:46 CET">
          <params>
            <param index="0">
              <value>
                <![CDATA[[TestResult name=addMealToFavorite status=SUCCESS method=MealItemTest.addMealToFavorite()[pri:20, instance:tests.MealItemTest@131276c2] output={null}]]]>
              </value>
            </param>
          </params>
          <reporter-output>
          </reporter-output>
        </test-method> <!-- afterTest -->
        <test-method status="PASS" signature="clearCart()[pri:25, instance:tests.MealItemTest@131276c2]" name="clearCart" duration-ms="26142" started-at="2021-02-26T23:14:46 CET" finished-at="2021-02-26T23:15:12 CET">
          <reporter-output>
          </reporter-output>
        </test-method> <!-- clearCart -->
        <test-method status="PASS" signature="afterTest(org.testng.ITestResult)[pri:0, instance:tests.MealItemTest@131276c2]" name="afterTest" is-config="true" duration-ms="93" started-at="2021-02-26T23:15:12 CET" finished-at="2021-02-26T23:15:12 CET">
          <params>
            <param index="0">
              <value>
                <![CDATA[[TestResult name=clearCart status=SUCCESS method=MealItemTest.clearCart()[pri:25, instance:tests.MealItemTest@131276c2] output={null}]]]>
              </value>
            </param>
          </params>
          <reporter-output>
          </reporter-output>
        </test-method> <!-- afterTest -->
        <test-method status="PASS" signature="quit()[pri:0, instance:tests.MealItemTest@131276c2]" name="quit" is-config="true" duration-ms="1140" started-at="2021-02-26T23:15:12 CET" finished-at="2021-02-26T23:15:13 CET">
          <reporter-output>
          </reporter-output>
        </test-method> <!-- quit -->
      </class> <!-- tests.MealItemTest -->
      <class name="tests.ProfileTest">
        <test-method status="PASS" signature="setup()[pri:0, instance:tests.ProfileTest@1c3a4799]" name="setup" is-config="true" duration-ms="5707" started-at="2021-02-26T23:13:18 CET" finished-at="2021-02-26T23:13:23 CET">
          <reporter-output>
          </reporter-output>
        </test-method> <!-- setup -->
        <test-method status="PASS" signature="editPrpfileTest()[pri:5, instance:tests.ProfileTest@1c3a4799]" name="editPrpfileTest" duration-ms="22030" started-at="2021-02-26T23:13:23 CET" finished-at="2021-02-26T23:13:45 CET">
          <reporter-output>
          </reporter-output>
        </test-method> <!-- editPrpfileTest -->
        <test-method status="PASS" signature="afterTest(org.testng.ITestResult)[pri:0, instance:tests.ProfileTest@1c3a4799]" name="afterTest" is-config="true" duration-ms="264" started-at="2021-02-26T23:13:46 CET" finished-at="2021-02-26T23:13:46 CET">
          <params>
            <param index="0">
              <value>
                <![CDATA[[TestResult name=editPrpfileTest status=SUCCESS method=ProfileTest.editPrpfileTest()[pri:5, instance:tests.ProfileTest@1c3a4799] output={null}]]]>
              </value>
            </param>
          </params>
          <reporter-output>
          </reporter-output>
        </test-method> <!-- afterTest -->
        <test-method status="PASS" signature="changeProfileImageTest()[pri:10, instance:tests.ProfileTest@1c3a4799]" name="changeProfileImageTest" duration-ms="18994" started-at="2021-02-26T23:13:46 CET" finished-at="2021-02-26T23:14:05 CET">
          <reporter-output>
          </reporter-output>
        </test-method> <!-- changeProfileImageTest -->
        <test-method status="PASS" signature="afterTest(org.testng.ITestResult)[pri:0, instance:tests.ProfileTest@1c3a4799]" name="afterTest" is-config="true" duration-ms="165" started-at="2021-02-26T23:14:05 CET" finished-at="2021-02-26T23:14:05 CET">
          <params>
            <param index="0">
              <value>
                <![CDATA[[TestResult name=changeProfileImageTest status=SUCCESS method=ProfileTest.changeProfileImageTest()[pri:10, instance:tests.ProfileTest@1c3a4799] output={null}]]]>
              </value>
            </param>
          </params>
          <reporter-output>
          </reporter-output>
        </test-method> <!-- afterTest -->
        <test-method status="PASS" signature="quit()[pri:0, instance:tests.ProfileTest@1c3a4799]" name="quit" is-config="true" duration-ms="1071" started-at="2021-02-26T23:14:05 CET" finished-at="2021-02-26T23:14:06 CET">
          <reporter-output>
          </reporter-output>
        </test-method> <!-- quit -->
      </class> <!-- tests.ProfileTest -->
    </test> <!-- Test -->
  </suite> <!-- Suite -->
</testng-results>
